ERROR - 2023-03-19 00:04:03 --> mysqli_sql_exception: Table 'nadi_clinic002.config' doesn't exist in C:\xampp8-2-0\htdocs\nadi-clinic002\system\Database\MySQLi\Connection.php:292
Stack trace:
#0 C:\xampp8-2-0\htdocs\nadi-clinic002\system\Database\MySQLi\Connection.php(292): mysqli->query('SELECT *\nFROM `...', 0)
#1 C:\xampp8-2-0\htdocs\nadi-clinic002\system\Database\BaseConnection.php(666): CodeIgniter\Database\MySQLi\Connection->execute('SELECT *\nFROM `...')
#2 C:\xampp8-2-0\htdocs\nadi-clinic002\system\Database\BaseConnection.php(593): CodeIgniter\Database\BaseConnection->simpleQuery('SELECT *\nFROM `...')
#3 C:\xampp8-2-0\htdocs\nadi-clinic002\system\Database\BaseBuilder.php(1585): CodeIgniter\Database\BaseConnection->query('SELECT *\nFROM `...', Array, false)
#4 C:\xampp8-2-0\htdocs\nadi-clinic002\system\Model.php(805): CodeIgniter\Database\BaseBuilder->get()
#5 C:\xampp8-2-0\htdocs\nadi-clinic002\app\Controllers\Frontend\HomeController.php(17): CodeIgniter\Model->__call('get', Array)
#6 C:\xampp8-2-0\htdocs\nadi-clinic002\system\CodeIgniter.php(925): App\Controllers\Frontend\HomeController->index()
#7 C:\xampp8-2-0\htdocs\nadi-clinic002\system\CodeIgniter.php(480): CodeIgniter\CodeIgniter->runController(Object(App\Controllers\Frontend\HomeController))
#8 C:\xampp8-2-0\htdocs\nadi-clinic002\system\CodeIgniter.php(349): CodeIgniter\CodeIgniter->handleRequest(NULL, Object(Config\Cache), false)
#9 C:\xampp8-2-0\htdocs\nadi-clinic002\public\index.php(67): CodeIgniter\CodeIgniter->run()
#10 C:\xampp8-2-0\htdocs\nadi-clinic002\system\Commands\Server\rewrite.php(47): require_once('C:\\xampp8-2-0\\h...')
#11 {main}
CRITICAL - 2023-03-19 00:04:03 --> Table 'nadi_clinic002.config' doesn't exist
in SYSTEMPATH\Database\MySQLi\Connection.php on line 292.
 1 SYSTEMPATH\Database\MySQLi\Connection.php(292): mysqli->query('SELECT *
FROM `config`', 0)
 2 SYSTEMPATH\Database\BaseConnection.php(666): CodeIgniter\Database\MySQLi\Connection->execute('SELECT *
FROM `config`')
 3 SYSTEMPATH\Database\BaseConnection.php(593): CodeIgniter\Database\BaseConnection->simpleQuery('SELECT *
FROM `config`')
 4 SYSTEMPATH\Database\BaseBuilder.php(1585): CodeIgniter\Database\BaseConnection->query('SELECT *
FROM `config`', [], false)
 5 SYSTEMPATH\Model.php(805): CodeIgniter\Database\BaseBuilder->get()
 6 APPPATH\Controllers\Frontend\HomeController.php(17): CodeIgniter\Model->__call('get', [])
 7 SYSTEMPATH\CodeIgniter.php(925): App\Controllers\Frontend\HomeController->index()
 8 SYSTEMPATH\CodeIgniter.php(480): CodeIgniter\CodeIgniter->runController(Object(App\Controllers\Frontend\HomeController))
 9 SYSTEMPATH\CodeIgniter.php(349): CodeIgniter\CodeIgniter->handleRequest(null, Object(Config\Cache), false)
10 FCPATH\index.php(67): CodeIgniter\CodeIgniter->run()
11 SYSTEMPATH\Commands\Server\rewrite.php(47): require_once('FCPATH\\index.php')
CRITICAL - 2023-03-19 00:26:58 --> Class "App\Models\FeatureModel" not found
in APPPATH\Controllers\Frontend\HomeController.php on line 25.
 1 SYSTEMPATH\CodeIgniter.php(925): App\Controllers\Frontend\HomeController->index()
 2 SYSTEMPATH\CodeIgniter.php(480): CodeIgniter\CodeIgniter->runController(Object(App\Controllers\Frontend\HomeController))
 3 SYSTEMPATH\CodeIgniter.php(349): CodeIgniter\CodeIgniter->handleRequest(null, Object(Config\Cache), false)
 4 FCPATH\index.php(67): CodeIgniter\CodeIgniter->run()
 5 SYSTEMPATH\Commands\Server\rewrite.php(47): require_once('FCPATH\\index.php')
CRITICAL - 2023-03-19 00:27:31 --> Attempt to read property "favicon" on null
in APPPATH\Views\frontend\components\styles.php on line 4.
 1 APPPATH\Views\frontend\components\styles.php(4): CodeIgniter\Debug\Exceptions->errorHandler(2, 'Attempt to read property "favicon" on null', 'APPPATH\\Views\\frontend\\components\\styles.php', 4)
 2 SYSTEMPATH\View\View.php(213): include('APPPATH\\Views\\frontend\\components\\styles.php')
 3 SYSTEMPATH\View\View.php(216): CodeIgniter\View\View->CodeIgniter\View\{closure}()
 4 SYSTEMPATH\View\View.php(431): CodeIgniter\View\View->render('frontend/components/styles', null, true)
 5 APPPATH\Views\frontend\home\index.php(5): CodeIgniter\View\View->include('frontend/components/styles')
 6 SYSTEMPATH\View\View.php(213): include('APPPATH\\Views\\frontend\\home\\index.php')
 7 SYSTEMPATH\View\View.php(216): CodeIgniter\View\View->CodeIgniter\View\{closure}()
 8 SYSTEMPATH\Common.php(1135): CodeIgniter\View\View->render('frontend/home/index', [], true)
 9 APPPATH\Controllers\Frontend\HomeController.php(19): view('frontend/home/index', [...])
10 SYSTEMPATH\CodeIgniter.php(925): App\Controllers\Frontend\HomeController->index()
11 SYSTEMPATH\CodeIgniter.php(480): CodeIgniter\CodeIgniter->runController(Object(App\Controllers\Frontend\HomeController))
12 SYSTEMPATH\CodeIgniter.php(349): CodeIgniter\CodeIgniter->handleRequest(null, Object(Config\Cache), false)
13 FCPATH\index.php(67): CodeIgniter\CodeIgniter->run()
14 SYSTEMPATH\Commands\Server\rewrite.php(47): require_once('FCPATH\\index.php')
CRITICAL - 2023-03-19 01:27:02 --> Attempt to read property "favicon" on null
in APPPATH\Views\frontend\components\styles.php on line 4.
 1 APPPATH\Views\frontend\components\styles.php(4): CodeIgniter\Debug\Exceptions->errorHandler(2, 'Attempt to read property "favicon" on null', 'APPPATH\\Views\\frontend\\components\\styles.php', 4)
 2 SYSTEMPATH\View\View.php(213): include('APPPATH\\Views\\frontend\\components\\styles.php')
 3 SYSTEMPATH\View\View.php(216): CodeIgniter\View\View->CodeIgniter\View\{closure}()
 4 SYSTEMPATH\View\View.php(431): CodeIgniter\View\View->render('frontend/components/styles', null, true)
 5 APPPATH\Views\frontend\home\index.php(5): CodeIgniter\View\View->include('frontend/components/styles')
 6 SYSTEMPATH\View\View.php(213): include('APPPATH\\Views\\frontend\\home\\index.php')
 7 SYSTEMPATH\View\View.php(216): CodeIgniter\View\View->CodeIgniter\View\{closure}()
 8 SYSTEMPATH\Common.php(1135): CodeIgniter\View\View->render('frontend/home/index', [], true)
 9 APPPATH\Controllers\Frontend\HomeController.php(19): view('frontend/home/index', [...])
10 SYSTEMPATH\CodeIgniter.php(925): App\Controllers\Frontend\HomeController->index()
11 SYSTEMPATH\CodeIgniter.php(480): CodeIgniter\CodeIgniter->runController(Object(App\Controllers\Frontend\HomeController))
12 SYSTEMPATH\CodeIgniter.php(349): CodeIgniter\CodeIgniter->handleRequest(null, Object(Config\Cache), false)
13 FCPATH\index.php(67): CodeIgniter\CodeIgniter->run()
14 SYSTEMPATH\Commands\Server\rewrite.php(47): require_once('FCPATH\\index.php')
CRITICAL - 2023-03-19 01:29:33 --> Attempt to read property "favicon" on null
in APPPATH\Views\frontend\components\styles.php on line 4.
 1 APPPATH\Views\frontend\components\styles.php(4): CodeIgniter\Debug\Exceptions->errorHandler(2, 'Attempt to read property "favicon" on null', 'APPPATH\\Views\\frontend\\components\\styles.php', 4)
 2 SYSTEMPATH\View\View.php(213): include('APPPATH\\Views\\frontend\\components\\styles.php')
 3 SYSTEMPATH\View\View.php(216): CodeIgniter\View\View->CodeIgniter\View\{closure}()
 4 SYSTEMPATH\View\View.php(431): CodeIgniter\View\View->render('frontend/components/styles', null, true)
 5 APPPATH\Views\frontend\home\index.php(5): CodeIgniter\View\View->include('frontend/components/styles')
 6 SYSTEMPATH\View\View.php(213): include('APPPATH\\Views\\frontend\\home\\index.php')
 7 SYSTEMPATH\View\View.php(216): CodeIgniter\View\View->CodeIgniter\View\{closure}()
 8 SYSTEMPATH\Common.php(1135): CodeIgniter\View\View->render('frontend/home/index', [], true)
 9 APPPATH\Controllers\Frontend\HomeController.php(19): view('frontend/home/index', [...])
10 SYSTEMPATH\CodeIgniter.php(925): App\Controllers\Frontend\HomeController->index()
11 SYSTEMPATH\CodeIgniter.php(480): CodeIgniter\CodeIgniter->runController(Object(App\Controllers\Frontend\HomeController))
12 SYSTEMPATH\CodeIgniter.php(349): CodeIgniter\CodeIgniter->handleRequest(null, Object(Config\Cache), false)
13 FCPATH\index.php(67): CodeIgniter\CodeIgniter->run()
14 SYSTEMPATH\Commands\Server\rewrite.php(47): require_once('FCPATH\\index.php')
CRITICAL - 2023-03-19 01:32:43 --> Attempt to read property "favicon" on null
in APPPATH\Views\frontend\components\styles.php on line 4.
 1 APPPATH\Views\frontend\components\styles.php(4): CodeIgniter\Debug\Exceptions->errorHandler(2, 'Attempt to read property "favicon" on null', 'APPPATH\\Views\\frontend\\components\\styles.php', 4)
 2 SYSTEMPATH\View\View.php(213): include('APPPATH\\Views\\frontend\\components\\styles.php')
 3 SYSTEMPATH\View\View.php(216): CodeIgniter\View\View->CodeIgniter\View\{closure}()
 4 SYSTEMPATH\View\View.php(431): CodeIgniter\View\View->render('frontend/components/styles', null, true)
 5 APPPATH\Views\frontend\home\index.php(5): CodeIgniter\View\View->include('frontend/components/styles')
 6 SYSTEMPATH\View\View.php(213): include('APPPATH\\Views\\frontend\\home\\index.php')
 7 SYSTEMPATH\View\View.php(216): CodeIgniter\View\View->CodeIgniter\View\{closure}()
 8 SYSTEMPATH\Common.php(1135): CodeIgniter\View\View->render('frontend/home/index', [], true)
 9 APPPATH\Controllers\Frontend\HomeController.php(19): view('frontend/home/index', [...])
10 SYSTEMPATH\CodeIgniter.php(925): App\Controllers\Frontend\HomeController->index()
11 SYSTEMPATH\CodeIgniter.php(480): CodeIgniter\CodeIgniter->runController(Object(App\Controllers\Frontend\HomeController))
12 SYSTEMPATH\CodeIgniter.php(349): CodeIgniter\CodeIgniter->handleRequest(null, Object(Config\Cache), false)
13 FCPATH\index.php(67): CodeIgniter\CodeIgniter->run()
14 SYSTEMPATH\Commands\Server\rewrite.php(47): require_once('FCPATH\\index.php')
CRITICAL - 2023-03-19 02:33:46 --> Attempt to read property "is_production" on null
in APPPATH\Controllers\Frontend\HomeController.php on line 16.
 1 APPPATH\Controllers\Frontend\HomeController.php(16): CodeIgniter\Debug\Exceptions->errorHandler(2, 'Attempt to read property "is_production" on null', 'APPPATH\\Controllers\\Frontend\\HomeController.php', 16)
 2 SYSTEMPATH\CodeIgniter.php(925): App\Controllers\Frontend\HomeController->index()
 3 SYSTEMPATH\CodeIgniter.php(480): CodeIgniter\CodeIgniter->runController(Object(App\Controllers\Frontend\HomeController))
 4 SYSTEMPATH\CodeIgniter.php(349): CodeIgniter\CodeIgniter->handleRequest(null, Object(Config\Cache), false)
 5 FCPATH\index.php(67): CodeIgniter\CodeIgniter->run()
 6 SYSTEMPATH\Commands\Server\rewrite.php(47): require_once('FCPATH\\index.php')
CRITICAL - 2023-03-19 03:29:02 --> Attempt to read property "is_production" on null
in APPPATH\Controllers\Frontend\HomeController.php on line 16.
 1 APPPATH\Controllers\Frontend\HomeController.php(16): CodeIgniter\Debug\Exceptions->errorHandler(2, 'Attempt to read property "is_production" on null', 'APPPATH\\Controllers\\Frontend\\HomeController.php', 16)
 2 SYSTEMPATH\CodeIgniter.php(925): App\Controllers\Frontend\HomeController->index()
 3 SYSTEMPATH\CodeIgniter.php(480): CodeIgniter\CodeIgniter->runController(Object(App\Controllers\Frontend\HomeController))
 4 SYSTEMPATH\CodeIgniter.php(349): CodeIgniter\CodeIgniter->handleRequest(null, Object(Config\Cache), false)
 5 FCPATH\index.php(67): CodeIgniter\CodeIgniter->run()
 6 SYSTEMPATH\Commands\Server\rewrite.php(47): require_once('FCPATH\\index.php')
CRITICAL - 2023-03-19 03:29:03 --> Attempt to read property "is_production" on null
in APPPATH\Controllers\Frontend\HomeController.php on line 16.
 1 APPPATH\Controllers\Frontend\HomeController.php(16): CodeIgniter\Debug\Exceptions->errorHandler(2, 'Attempt to read property "is_production" on null', 'APPPATH\\Controllers\\Frontend\\HomeController.php', 16)
 2 SYSTEMPATH\CodeIgniter.php(925): App\Controllers\Frontend\HomeController->index()
 3 SYSTEMPATH\CodeIgniter.php(480): CodeIgniter\CodeIgniter->runController(Object(App\Controllers\Frontend\HomeController))
 4 SYSTEMPATH\CodeIgniter.php(349): CodeIgniter\CodeIgniter->handleRequest(null, Object(Config\Cache), false)
 5 FCPATH\index.php(67): CodeIgniter\CodeIgniter->run()
 6 SYSTEMPATH\Commands\Server\rewrite.php(47): require_once('FCPATH\\index.php')
CRITICAL - 2023-03-19 03:31:25 --> Attempt to read property "is_production" on null
in APPPATH\Controllers\Frontend\HomeController.php on line 16.
 1 APPPATH\Controllers\Frontend\HomeController.php(16): CodeIgniter\Debug\Exceptions->errorHandler(2, 'Attempt to read property "is_production" on null', 'APPPATH\\Controllers\\Frontend\\HomeController.php', 16)
 2 SYSTEMPATH\CodeIgniter.php(925): App\Controllers\Frontend\HomeController->index()
 3 SYSTEMPATH\CodeIgniter.php(480): CodeIgniter\CodeIgniter->runController(Object(App\Controllers\Frontend\HomeController))
 4 SYSTEMPATH\CodeIgniter.php(349): CodeIgniter\CodeIgniter->handleRequest(null, Object(Config\Cache), false)
 5 FCPATH\index.php(67): CodeIgniter\CodeIgniter->run()
 6 SYSTEMPATH\Commands\Server\rewrite.php(47): require_once('FCPATH\\index.php')
CRITICAL - 2023-03-19 03:31:26 --> Attempt to read property "is_production" on null
in APPPATH\Controllers\Frontend\HomeController.php on line 16.
 1 APPPATH\Controllers\Frontend\HomeController.php(16): CodeIgniter\Debug\Exceptions->errorHandler(2, 'Attempt to read property "is_production" on null', 'APPPATH\\Controllers\\Frontend\\HomeController.php', 16)
 2 SYSTEMPATH\CodeIgniter.php(925): App\Controllers\Frontend\HomeController->index()
 3 SYSTEMPATH\CodeIgniter.php(480): CodeIgniter\CodeIgniter->runController(Object(App\Controllers\Frontend\HomeController))
 4 SYSTEMPATH\CodeIgniter.php(349): CodeIgniter\CodeIgniter->handleRequest(null, Object(Config\Cache), false)
 5 FCPATH\index.php(67): CodeIgniter\CodeIgniter->run()
 6 SYSTEMPATH\Commands\Server\rewrite.php(47): require_once('FCPATH\\index.php')
CRITICAL - 2023-03-19 03:51:50 --> Attempt to read property "is_production" on null
in APPPATH\Controllers\Frontend\HomeController.php on line 16.
 1 APPPATH\Controllers\Frontend\HomeController.php(16): CodeIgniter\Debug\Exceptions->errorHandler(2, 'Attempt to read property "is_production" on null', 'APPPATH\\Controllers\\Frontend\\HomeController.php', 16)
 2 SYSTEMPATH\CodeIgniter.php(925): App\Controllers\Frontend\HomeController->index()
 3 SYSTEMPATH\CodeIgniter.php(480): CodeIgniter\CodeIgniter->runController(Object(App\Controllers\Frontend\HomeController))
 4 SYSTEMPATH\CodeIgniter.php(349): CodeIgniter\CodeIgniter->handleRequest(null, Object(Config\Cache), false)
 5 FCPATH\index.php(67): CodeIgniter\CodeIgniter->run()
 6 SYSTEMPATH\Commands\Server\rewrite.php(47): require_once('FCPATH\\index.php')
CRITICAL - 2023-03-19 03:53:45 --> Attempt to read property "favicon" on null
in APPPATH\Views\frontend\components\styles.php on line 4.
 1 APPPATH\Views\frontend\components\styles.php(4): CodeIgniter\Debug\Exceptions->errorHandler(2, 'Attempt to read property "favicon" on null', 'APPPATH\\Views\\frontend\\components\\styles.php', 4)
 2 SYSTEMPATH\View\View.php(213): include('APPPATH\\Views\\frontend\\components\\styles.php')
 3 SYSTEMPATH\View\View.php(216): CodeIgniter\View\View->CodeIgniter\View\{closure}()
 4 SYSTEMPATH\View\View.php(431): CodeIgniter\View\View->render('frontend/components/styles', null, true)
 5 APPPATH\Views\frontend\home\index.php(5): CodeIgniter\View\View->include('frontend/components/styles')
 6 SYSTEMPATH\View\View.php(213): include('APPPATH\\Views\\frontend\\home\\index.php')
 7 SYSTEMPATH\View\View.php(216): CodeIgniter\View\View->CodeIgniter\View\{closure}()
 8 SYSTEMPATH\Common.php(1135): CodeIgniter\View\View->render('frontend/home/index', [], true)
 9 APPPATH\Controllers\Frontend\HomeController.php(40): view('frontend/home/index', [...])
10 SYSTEMPATH\CodeIgniter.php(925): App\Controllers\Frontend\HomeController->index()
11 SYSTEMPATH\CodeIgniter.php(480): CodeIgniter\CodeIgniter->runController(Object(App\Controllers\Frontend\HomeController))
12 SYSTEMPATH\CodeIgniter.php(349): CodeIgniter\CodeIgniter->handleRequest(null, Object(Config\Cache), false)
13 FCPATH\index.php(67): CodeIgniter\CodeIgniter->run()
14 SYSTEMPATH\Commands\Server\rewrite.php(47): require_once('FCPATH\\index.php')
CRITICAL - 2023-03-19 03:55:08 --> Undefined property: stdClass::$author
in APPPATH\Views\frontend\components\styles.php on line 5.
 1 APPPATH\Views\frontend\components\styles.php(5): CodeIgniter\Debug\Exceptions->errorHandler(2, 'Undefined property: stdClass::$author', 'APPPATH\\Views\\frontend\\components\\styles.php', 5)
 2 SYSTEMPATH\View\View.php(213): include('APPPATH\\Views\\frontend\\components\\styles.php')
 3 SYSTEMPATH\View\View.php(216): CodeIgniter\View\View->CodeIgniter\View\{closure}()
 4 SYSTEMPATH\View\View.php(431): CodeIgniter\View\View->render('frontend/components/styles', null, true)
 5 APPPATH\Views\frontend\home\index.php(5): CodeIgniter\View\View->include('frontend/components/styles')
 6 SYSTEMPATH\View\View.php(213): include('APPPATH\\Views\\frontend\\home\\index.php')
 7 SYSTEMPATH\View\View.php(216): CodeIgniter\View\View->CodeIgniter\View\{closure}()
 8 SYSTEMPATH\Common.php(1135): CodeIgniter\View\View->render('frontend/home/index', [], true)
 9 APPPATH\Controllers\Frontend\HomeController.php(40): view('frontend/home/index', [...])
10 SYSTEMPATH\CodeIgniter.php(925): App\Controllers\Frontend\HomeController->index()
11 SYSTEMPATH\CodeIgniter.php(480): CodeIgniter\CodeIgniter->runController(Object(App\Controllers\Frontend\HomeController))
12 SYSTEMPATH\CodeIgniter.php(349): CodeIgniter\CodeIgniter->handleRequest(null, Object(Config\Cache), false)
13 FCPATH\index.php(67): CodeIgniter\CodeIgniter->run()
14 SYSTEMPATH\Commands\Server\rewrite.php(47): require_once('FCPATH\\index.php')
CRITICAL - 2023-03-19 03:55:56 --> Undefined property: stdClass::$title
in APPPATH\Views\frontend\home\index.php on line 6.
 1 APPPATH\Views\frontend\home\index.php(6): CodeIgniter\Debug\Exceptions->errorHandler(2, 'Undefined property: stdClass::$title', 'APPPATH\\Views\\frontend\\home\\index.php', 6)
 2 SYSTEMPATH\View\View.php(213): include('APPPATH\\Views\\frontend\\home\\index.php')
 3 SYSTEMPATH\View\View.php(216): CodeIgniter\View\View->CodeIgniter\View\{closure}()
 4 SYSTEMPATH\Common.php(1135): CodeIgniter\View\View->render('frontend/home/index', [], true)
 5 APPPATH\Controllers\Frontend\HomeController.php(40): view('frontend/home/index', [...])
 6 SYSTEMPATH\CodeIgniter.php(925): App\Controllers\Frontend\HomeController->index()
 7 SYSTEMPATH\CodeIgniter.php(480): CodeIgniter\CodeIgniter->runController(Object(App\Controllers\Frontend\HomeController))
 8 SYSTEMPATH\CodeIgniter.php(349): CodeIgniter\CodeIgniter->handleRequest(null, Object(Config\Cache), false)
 9 FCPATH\index.php(67): CodeIgniter\CodeIgniter->run()
10 SYSTEMPATH\Commands\Server\rewrite.php(47): require_once('FCPATH\\index.php')
CRITICAL - 2023-03-19 23:55:27 --> Undefined property: stdClass::$title
in APPPATH\Views\frontend\home\index.php on line 6.
 1 APPPATH\Views\frontend\home\index.php(6): CodeIgniter\Debug\Exceptions->errorHandler(2, 'Undefined property: stdClass::$title', 'APPPATH\\Views\\frontend\\home\\index.php', 6)
 2 SYSTEMPATH\View\View.php(213): include('APPPATH\\Views\\frontend\\home\\index.php')
 3 SYSTEMPATH\View\View.php(216): CodeIgniter\View\View->CodeIgniter\View\{closure}()
 4 SYSTEMPATH\Common.php(1135): CodeIgniter\View\View->render('frontend/home/index', [], true)
 5 APPPATH\Controllers\Frontend\HomeController.php(43): view('frontend/home/index', [...])
 6 SYSTEMPATH\CodeIgniter.php(925): App\Controllers\Frontend\HomeController->index()
 7 SYSTEMPATH\CodeIgniter.php(480): CodeIgniter\CodeIgniter->runController(Object(App\Controllers\Frontend\HomeController))
 8 SYSTEMPATH\CodeIgniter.php(349): CodeIgniter\CodeIgniter->handleRequest(null, Object(Config\Cache), false)
 9 FCPATH\index.php(67): CodeIgniter\CodeIgniter->run()
10 SYSTEMPATH\Commands\Server\rewrite.php(47): require_once('FCPATH\\index.php')
CRITICAL - 2023-03-19 23:56:47 --> Undefined variable $home
in APPPATH\Views\frontend\home\index.php on line 15.
 1 APPPATH\Views\frontend\home\index.php(15): CodeIgniter\Debug\Exceptions->errorHandler(2, 'Undefined variable $home', 'APPPATH\\Views\\frontend\\home\\index.php', 15)
 2 SYSTEMPATH\View\View.php(213): include('APPPATH\\Views\\frontend\\home\\index.php')
 3 SYSTEMPATH\View\View.php(216): CodeIgniter\View\View->CodeIgniter\View\{closure}()
 4 SYSTEMPATH\Common.php(1135): CodeIgniter\View\View->render('frontend/home/index', [], true)
 5 APPPATH\Controllers\Frontend\HomeController.php(43): view('frontend/home/index', [...])
 6 SYSTEMPATH\CodeIgniter.php(925): App\Controllers\Frontend\HomeController->index()
 7 SYSTEMPATH\CodeIgniter.php(480): CodeIgniter\CodeIgniter->runController(Object(App\Controllers\Frontend\HomeController))
 8 SYSTEMPATH\CodeIgniter.php(349): CodeIgniter\CodeIgniter->handleRequest(null, Object(Config\Cache), false)
 9 FCPATH\index.php(67): CodeIgniter\CodeIgniter->run()
10 SYSTEMPATH\Commands\Server\rewrite.php(47): require_once('FCPATH\\index.php')
